[INFO] Sun Apr 12 23:25:12 2026 Window initialized: TitanEngine Showcase | Phase 4 Fusion (1280x720)
[INFO] Sun Apr 12 23:25:12 2026 OpenGL Renderer: Radeon RX550/550 Series
[INFO] Sun Apr 12 23:25:12 2026 Physics System (Jolt) Initialized.
[INFO] Sun Apr 12 23:25:12 2026 Renderer: Shaders loaded from files. Basic & Mode 7 systems ready.
[INFO] Sun Apr 12 23:25:12 2026 Script System (Lua) Initialized with Advanced Bindings.
[INFO] Sun Apr 12 23:25:12 2026 AudioSystem: YM2612 FM Core & PSG Synth active.
[INFO] Sun Apr 12 23:25:12 2026 TitanEngine: Script-driven logic initialized!
[INFO] Sun Apr 12 23:25:12 2026 TitanEngine: Lua Phase 5 logic live.
[INFO] Sun Apr 12 23:25:12 2026 TitanEngine CORE Initialized.
[INFO] Sun Apr 12 23:25:12 2026 TitanEngine Showcase Started!
[INFO] Sun Apr 12 23:25:12 2026 PhysicsBody added to entity.
[INFO] Sun Apr 12 23:25:12 2026 PhysicsBody added to entity.
[INFO] Sun Apr 12 23:25:12 2026 Initializing Particle System...
[INFO] Sun Apr 12 23:25:12 2026 Triggering initial FM note...
[INFO] Sun Apr 12 23:25:12 2026 Generating Procedural PBR Terrain...
[INFO] Sun Apr 12 23:25:12 2026 ShowcaseModule Initialization Complete!
[INFO] Sun Apr 12 23:25:12 2026 Engine::Run() starting...
[INFO] Sun Apr 12 23:25:15 2026 Lua: Periodic chime triggered.
[INFO] Sun Apr 12 23:25:18 2026 Lua: Periodic chime triggered.
[INFO] Sun Apr 12 23:25:21 2026 Lua: Periodic chime triggered.
[INFO] Sun Apr 12 23:25:24 2026 Lua: Periodic chime triggered.
[INFO] Sun Apr 12 23:25:27 2026 Lua: Periodic chime triggered.
[INFO] Sun Apr 12 23:25:30 2026 Lua: Periodic chime triggered.
[INFO] Sun Apr 12 23:25:33 2026 Lua: Periodic chime triggered.
[INFO] Sun Apr 12 23:25:36 2026 Lua: Periodic chime triggered.
[INFO] Sun Apr 12 23:25:39 2026 Lua: Periodic chime triggered.
[INFO] Sun Apr 12 23:25:42 2026 Lua: Periodic chime triggered.
[INFO] Sun Apr 12 23:25:45 2026 Lua: Periodic chime triggered.
[INFO] Sun Apr 12 23:25:48 2026 Lua: Periodic chime triggered.
[INFO] Sun Apr 12 23:25:51 2026 Lua: Periodic chime triggered.
[INFO] Sun Apr 12 23:25:54 2026 Lua: Periodic chime triggered.
[INFO] Sun Apr 12 23:25:57 2026 Lua: Periodic chime triggered.
[INFO] Sun Apr 12 23:26:00 2026 Lua: Periodic chime triggered.
[INFO] Sun Apr 12 23:26:03 2026 Lua: Periodic chime triggered.
[INFO] Sun Apr 12 23:26:06 2026 Lua: Periodic chime triggered.
[INFO] Sun Apr 12 23:26:09 2026 Lua: Periodic chime triggered.
[INFO] Sun Apr 12 23:26:12 2026 Lua: Periodic chime triggered.
[INFO] Sun Apr 12 23:26:15 2026 Lua: Periodic chime triggered.
[INFO] Sun Apr 12 23:26:18 2026 Lua: Periodic chime triggered.
[INFO] Sun Apr 12 23:26:21 2026 Lua: Periodic chime triggered.
[INFO] Sun Apr 12 23:26:24 2026 Lua: Periodic chime triggered.
[INFO] Sun Apr 12 23:26:27 2026 Lua: Periodic chime triggered.
[INFO] Sun Apr 12 23:26:30 2026 Lua: Periodic chime triggered.
[INFO] Sun Apr 12 23:26:33 2026 Lua: Periodic chime triggered.
[INFO] Sun Apr 12 23:26:36 2026 Lua: Periodic chime triggered.
[INFO] Sun Apr 12 23:26:39 2026 Lua: Periodic chime triggered.
[INFO] Sun Apr 12 23:26:42 2026 Lua: Periodic chime triggered.
[INFO] Sun Apr 12 23:26:45 2026 Lua: Periodic chime triggered.
[INFO] Sun Apr 12 23:26:48 2026 Lua: Periodic chime triggered.
[INFO] Sun Apr 12 23:26:51 2026 Lua: Periodic chime triggered.
[INFO] Sun Apr 12 23:26:54 2026 Lua: Periodic chime triggered.
[INFO] Sun Apr 12 23:26:57 2026 Lua: Periodic chime triggered.
[INFO] Sun Apr 12 23:27:00 2026 Lua: Periodic chime triggered.
[INFO] Sun Apr 12 23:27:03 2026 Lua: Periodic chime triggered.
[INFO] Sun Apr 12 23:27:06 2026 Lua: Periodic chime triggered.
[INFO] Sun Apr 12 23:27:09 2026 Lua: Periodic chime triggered.
[INFO] Sun Apr 12 23:27:12 2026 Lua: Periodic chime triggered.
[INFO] Sun Apr 12 23:27:15 2026 Lua: Periodic chime triggered.
[INFO] Sun Apr 12 23:27:18 2026 Lua: Periodic chime triggered.
[INFO] Sun Apr 12 23:27:21 2026 Lua: Periodic chime triggered.
[INFO] Sun Apr 12 23:27:24 2026 Lua: Periodic chime triggered.
[INFO] Sun Apr 12 23:27:27 2026 Lua: Periodic chime triggered.
[INFO] Sun Apr 12 23:27:30 2026 Lua: Periodic chime triggered.
[INFO] Sun Apr 12 23:27:33 2026 Lua: Periodic chime triggered.
[INFO] Sun Apr 12 23:27:36 2026 Lua: Periodic chime triggered.
[INFO] Sun Apr 12 23:27:39 2026 Lua: Periodic chime triggered.
[INFO] Sun Apr 12 23:27:41 2026 TitanEngine Shutting Down...
[INFO] Sun Apr 12 23:27:41 2026 TitanEngine Shutting Down...
[INFO] Sun Apr 12 23:27:41 2026 TitanEngine Shutting Down...
